<?xml version="1.0" encoding="UTF-8"?>
<!-- Generated by org.testng.reporters.JUnitXMLReporter -->
<testsuite hostname="SUNANDIP-IN" name="LoginTest" tests="2" failures="0" timestamp="23 Jan 2018 11:37:01 GMT" time="28.94" errors="0">
  <testcase name="LoginValidationInCorrectCredential" time="1.01" classname="com.oracle.pgbu.selenium.obi.TC002_LoginValidationInCorrectCredentials"/>
  <testcase name="LoginValidationCorrectCredentials" time="13.124" classname="com.oracle.pgbu.selenium.obi.TC003_ValidatingBreakdownSubjectArea"/>
</testsuite> <!-- LoginTest -->
